Path Discovered: https://fed.education.qld.gov.au/# Special thanks go to james (at) uncon sittinglittleduck com 
Path Discovered: https://fed.education.qld.gov.au/# Pre conditions
Path Discovered: https://fed.education.qld.gov.au/# Web server directory enumeration represents the process by which a low 
Path Discovered: https://fed.education.qld.gov.au/# JBroFuzz achieves this by checking for the existence of the following 
Path Discovered: https://fed.education.qld.gov.au/# you can brake JBroFuzz if you fuzz this file!)
Path Discovered: https://fed.education.qld.gov.au/# skilled attacker can identify existing directories present on the server.
Path Discovered: https://fed.education.qld.gov.au/#
Path Discovered: https://fed.education.qld.gov.au/.
Path Discovered: https://fed.education.qld.gov.au/# Any line in this file is regarded as a comment if it begins with a '#' (yes, 
Path Discovered: https://fed.education.qld.gov.au/# Maximum line length			256
Path Discovered: https://fed.education.qld.gov.au/??
Path Discovered: https://fed.education.qld.gov.au/# 
Path Discovered: https://fed.education.qld.gov.au/
Path Discovered: https://fed.education.qld.gov.au/# Maximum number of lines		50000
Path Discovered: https://fed.education.qld.gov.au/# directories.
Path Discovered: https://fed.education.qld.gov.au/# Continue to look for directories out there!
Path Discovered: https://fed.education.qld.gov.au/# Special characters will be encoded by JBroFuzz. As an example, a line entry
Path Discovered: https://fed.education.qld.gov.au/# JBroFuzz Directory Enumeration Definitions for version 0.5
Path Discovered: https://fed.education.qld.gov.au/# A bit of (directory enumeration) theory 
Path Discovered: https://fed.education.qld.gov.au/# of 'li ve' will become 'li%20ve'
Path Discovered: https://fed.education.qld.gov.au/# Copyright (C) 2007 subere (at) uncon org
Path Discovered: https://fed.education.qld.gov.au/# -----------------------------------------------------------------------------
Path Discovered: https://fed.education.qld.gov.au/# Version 0.5
